[01:14:37] [ServerMain/INFO]: Environment: Environment[sessionHost=https://sessionserver.mojang.com, servicesHost=https://api.minecraftservices.com, name=PROD]
[01:14:38] [ServerMain/INFO]: No existing world data, creating new world
[01:14:39] [ServerMain/INFO]: Loaded 1337 recipes
[01:14:39] [ServerMain/INFO]: Loaded 1448 advancements
[01:14:39] [Server thread/INFO]: Starting minecraft server version 1.21.3
[01:14:39] [Server thread/INFO]: Loading properties
[01:14:39] [Server thread/INFO]: Default game type: SURVIVAL
[01:14:39] [Server thread/INFO]: Generating keypair
[01:14:39] [Server thread/INFO]: Starting Minecraft server on *:25565
[01:14:39] [Server thread/INFO]: Using epoll channel type
[01:14:39] [Server thread/WARN]: **** SERVER IS RUNNING IN OFFLINE/INSECURE MODE!
[01:14:39] [Server thread/WARN]: The server will make no attempt to authenticate usernames. Beware.
[01:14:39] [Server thread/WARN]: While this makes the game possible to play without internet access, it also opens up the ability for hackers to connect with any username they choose.
[01:14:39] [Server thread/WARN]: To change this, set "online-mode" to "true" in the server.properties file.
[01:14:39] [Server thread/INFO]: Preparing level "world"
[01:14:47] [Server thread/INFO]: Preparing start region for dimension minecraft:overworld
[01:14:48] [Worker-Main-1/INFO]: Preparing spawn area: 2%
[01:14:48] [Worker-Main-1/INFO]: Preparing spawn area: 2%
[01:14:49] [Worker-Main-2/INFO]: Preparing spawn area: 2%
[01:14:49] [Worker-Main-2/INFO]: Preparing spawn area: 2%
[01:14:49] [Worker-Main-2/INFO]: Preparing spawn area: 2%
[01:14:50] [Worker-Main-3/INFO]: Preparing spawn area: 18%
[01:14:51] [Worker-Main-2/INFO]: Preparing spawn area: 18%
[01:14:51] [Worker-Main-1/INFO]: Preparing spawn area: 18%
[01:14:51] [Worker-Main-1/INFO]: Preparing spawn area: 18%
[01:14:52] [Worker-Main-1/INFO]: Preparing spawn area: 51%
[01:14:53] [Worker-Main-3/INFO]: Preparing spawn area: 51%
[01:14:53] [Worker-Main-3/INFO]: Preparing spawn area: 51%
[01:14:53] [Worker-Main-2/INFO]: Preparing spawn area: 51%
[01:14:54] [Server thread/INFO]: Time elapsed: 6089 ms
[01:14:54] [Server thread/INFO]: Done (14.262s)! For help, type "help"
[01:15:05] [Server thread/INFO]: Stopping the server
[01:15:05] [Server thread/INFO]: Stopping server
[01:15:05] [Server thread/INFO]: Saving players
[01:15:05] [Server thread/INFO]: Saving worlds
[01:15:05] [Server thread/INFO]: Saving chunks for level 'ServerLevel[world]'/minecraft:overworld
[01:15:07] [Server thread/INFO]: Saving chunks for level 'ServerLevel[world]'/minecraft:the_end
[01:15:07] [Server thread/INFO]: Saving chunks for level 'ServerLevel[world]'/minecraft:the_nether
[01:15:07] [Server thread/INFO]: ThreadedAnvilChunkStorage (world): All chunks are saved
[01:15:07] [Server thread/INFO]: ThreadedAnvilChunkStorage (DIM1): All chunks are saved
[01:15:07] [Server thread/INFO]: ThreadedAnvilChunkStorage (DIM-1): All chunks are saved
[01:15:07] [Server thread/INFO]: ThreadedAnvilChunkStorage: All dimensions are saved
